CountingType ballotToEML440
inside ballotToEML440
ballotLookupFolder /home/ovsadmin/public_html/iTalyVotingDemo/xml/lookup/ballot_lookup.xml
listOfEMLXMLs 43


ballotXMLMap Size 22 ballotLookupXMLMap 21
eml440Folder in gen440 /home/ovsadmin/public_html/iTalyVotingDemo/xml/eml/
fileName EML440_1174397452032.xml
writeFile /home/ovsadmin/public_html/iTalyVotingDemo/xml/eml/EML440_1174397452032.xml
output lenth 2949


ballotXMLMap Size 22 ballotLookupXMLMap 21
eml440Folder in gen440 /home/ovsadmin/public_html/iTalyVotingDemo/xml/eml/
fileName EML440_1174397464290.xml
writeFile /home/ovsadmin/public_html/iTalyVotingDemo/xml/eml/EML440_1174397464290.xml
output lenth 2949


ballotXMLMap Size 22 ballotLookupXMLMap 21
eml440Folder in gen440 /home/ovsadmin/public_html/iTalyVotingDemo/xml/eml/
fileName EML440_1174312440334.xml
writeFile /home/ovsadmin/public_html/iTalyVotingDemo/xml/eml/EML440_1174312440334.xml
output lenth 2949


ballotXMLMap Size 22 ballotLookupXMLMap 21
eml440Folder in gen440 /home/ovsadmin/public_html/iTalyVotingDemo/xml/eml/
fileName EML440_1174269819371.xml
writeFile /home/ovsadmin/public_html/iTalyVotingDemo/xml/eml/EML440_1174269819371.xml
output lenth 2949


ballotXMLMap Size 22 ballotLookupXMLMap 21
eml440Folder in gen440 /home/ovsadmin/public_html/iTalyVotingDemo/xml/eml/
fileName EML440_1175100436840.xml
writeFile /home/ovsadmin/public_html/iTalyVotingDemo/xml/eml/EML440_1175100436840.xml
output lenth 2949


ballotXMLMap Size 22 ballotLookupXMLMap 21
eml440Folder in gen440 /home/ovsadmin/public_html/iTalyVotingDemo/xml/eml/
fileName EML440_1174335588660.xml
writeFile /home/ovsadmin/public_html/iTalyVotingDemo/xml/eml/EML440_1174335588660.xml
output lenth 2949


ballotXMLMap Size 22 ballotLookupXMLMap 21
eml440Folder in gen440 /home/ovsadmin/public_html/iTalyVotingDemo/xml/eml/
fileName EML440_1175882832770.xml
writeFile /home/ovsadmin/public_html/iTalyVotingDemo/xml/eml/EML440_1175882832770.xml
output lenth 2949


ballotXMLMap Size 22 ballotLookupXMLMap 21
eml440Folder in gen440 /home/ovsadmin/public_html/iTalyVotingDemo/xml/eml/
fileName EML440_1174269008777.xml
writeFile /home/ovsadmin/public_html/iTalyVotingDemo/xml/eml/EML440_1174269008777.xml
output lenth 2949


ballotXMLMap Size 22 ballotLookupXMLMap 21
eml440Folder in gen440 /home/ovsadmin/public_html/iTalyVotingDemo/xml/eml/
fileName EML440_1175126988500.xml
writeFile /home/ovsadmin/public_html/iTalyVotingDemo/xml/eml/EML440_1175126988500.xml
output lenth 2949


ballotXMLMap Size 22 ballotLookupXMLMap 21
eml440Folder in gen440 /home/ovsadmin/public_html/iTalyVotingDemo/xml/eml/
fileName EML440_1174354221896.xml
writeFile /home/ovsadmin/public_html/iTalyVotingDemo/xml/eml/EML440_1174354221896.xml
output lenth 2949


ballotXMLMap Size 22 ballotLookupXMLMap 21
eml440Folder in gen440 /home/ovsadmin/public_html/iTalyVotingDemo/xml/eml/
fileName EML440_1174335588660.xml
writeFile /home/ovsadmin/public_html/iTalyVotingDemo/xml/eml/EML440_1174335588660.xml
output lenth 2949


ballotXMLMap Size 22 ballotLookupXMLMap 21
eml440Folder in gen440 /home/ovsadmin/public_html/iTalyVotingDemo/xml/eml/
fileName EML440_1174407481224.xml
writeFile /home/ovsadmin/public_html/iTalyVotingDemo/xml/eml/EML440_1174407481224.xml
output lenth 2949


ballotXMLMap Size 22 ballotLookupXMLMap 21
eml440Folder in gen440 /home/ovsadmin/public_html/iTalyVotingDemo/xml/eml/
fileName EML440_1175046691562.xml
writeFile /home/ovsadmin/public_html/iTalyVotingDemo/xml/eml/EML440_1175046691562.xml
output lenth 2949


ballotXMLMap Size 22 ballotLookupXMLMap 21
eml440Folder in gen440 /home/ovsadmin/public_html/iTalyVotingDemo/xml/eml/
fileName EML440_1175047403365.xml
writeFile /home/ovsadmin/public_html/iTalyVotingDemo/xml/eml/EML440_1175047403365.xml
output lenth 2949


ballotXMLMap Size 22 ballotLookupXMLMap 21
eml440Folder in gen440 /home/ovsadmin/public_html/iTalyVotingDemo/xml/eml/
fileName EML440_1174269040902.xml
writeFile /home/ovsadmin/public_html/iTalyVotingDemo/xml/eml/EML440_1174269040902.xml
output lenth 2949


ballotXMLMap Size 22 ballotLookupXMLMap 21
eml440Folder in gen440 /home/ovsadmin/public_html/iTalyVotingDemo/xml/eml/
fileName EML440_1174403888250.xml
writeFile /home/ovsadmin/public_html/iTalyVotingDemo/xml/eml/EML440_1174403888250.xml
output lenth 2949


ballotXMLMap Size 22 ballotLookupXMLMap 21
eml440Folder in gen440 /home/ovsadmin/public_html/iTalyVotingDemo/xml/eml/
fileName EML440_1174312440334.xml
writeFile /home/ovsadmin/public_html/iTalyVotingDemo/xml/eml/EML440_1174312440334.xml
output lenth 2949


ballotXMLMap Size 22 ballotLookupXMLMap 21
eml440Folder in gen440 /home/ovsadmin/public_html/iTalyVotingDemo/xml/eml/
fileName EML440_1175100891547.xml
writeFile /home/ovsadmin/public_html/iTalyVotingDemo/xml/eml/EML440_1175100891547.xml
output lenth 2949


ballotXMLMap Size 22 ballotLookupXMLMap 21
eml440Folder in gen440 /home/ovsadmin/public_html/iTalyVotingDemo/xml/eml/
fileName EML440_1174404560254.xml
writeFile /home/ovsadmin/public_html/iTalyVotingDemo/xml/eml/EML440_1174404560254.xml
output lenth 2949


ballotXMLMap Size 22 ballotLookupXMLMap 21
eml440Folder in gen440 /home/ovsadmin/public_html/iTalyVotingDemo/xml/eml/
fileName EML440_1175263691024.xml
writeFile /home/ovsadmin/public_html/iTalyVotingDemo/xml/eml/EML440_1175263691024.xml
output lenth 2949


ballotXMLMap Size 22 ballotLookupXMLMap 21
eml440Folder in gen440 /home/ovsadmin/public_html/iTalyVotingDemo/xml/eml/
fileName EML440_1174269034043.xml
writeFile /home/ovsadmin/public_html/iTalyVotingDemo/xml/eml/EML440_1174269034043.xml
output lenth 2949


ballotXMLMap Size 22 ballotLookupXMLMap 21
eml440Folder in gen440 /home/ovsadmin/public_html/iTalyVotingDemo/xml/eml/
fileName EML440_1175883055204.xml
writeFile /home/ovsadmin/public_html/iTalyVotingDemo/xml/eml/EML440_1175883055204.xml
output lenth 2949


ballotXMLMap Size 22 ballotLookupXMLMap 21
eml440Folder in gen440 /home/ovsadmin/public_html/iTalyVotingDemo/xml/eml/
fileName EML440_1174269028652.xml
writeFile /home/ovsadmin/public_html/iTalyVotingDemo/xml/eml/EML440_1174269028652.xml
output lenth 2949


ballotXMLMap Size 22 ballotLookupXMLMap 21
eml440Folder in gen440 /home/ovsadmin/public_html/iTalyVotingDemo/xml/eml/
fileName EML440_1174269022418.xml
writeFile /home/ovsadmin/public_html/iTalyVotingDemo/xml/eml/EML440_1174269022418.xml
output lenth 2949


ballotXMLMap Size 22 ballotLookupXMLMap 21
eml440Folder in gen440 /home/ovsadmin/public_html/iTalyVotingDemo/xml/eml/
fileName EML440_1174403982265.xml
writeFile /home/ovsadmin/public_html/iTalyVotingDemo/xml/eml/EML440_1174403982265.xml
output lenth 2949


ballotXMLMap Size 22 ballotLookupXMLMap 21
eml440Folder in gen440 /home/ovsadmin/public_html/iTalyVotingDemo/xml/eml/
fileName EML440_1174269049527.xml
writeFile /home/ovsadmin/public_html/iTalyVotingDemo/xml/eml/EML440_1174269049527.xml
output lenth 2949


ballotXMLMap Size 22 ballotLookupXMLMap 21
eml440Folder in gen440 /home/ovsadmin/public_html/iTalyVotingDemo/xml/eml/
fileName EML440_1174269060605.xml
writeFile /home/ovsadmin/public_html/iTalyVotingDemo/xml/eml/EML440_1174269060605.xml
output lenth 2949


ballotXMLMap Size 22 ballotLookupXMLMap 21
eml440Folder in gen440 /home/ovsadmin/public_html/iTalyVotingDemo/xml/eml/
fileName EML440_1174404251515.xml
writeFile /home/ovsadmin/public_html/iTalyVotingDemo/xml/eml/EML440_1174404251515.xml
output lenth 2949


ballotXMLMap Size 22 ballotLookupXMLMap 21
eml440Folder in gen440 /home/ovsadmin/public_html/iTalyVotingDemo/xml/eml/
fileName EML440_1174270362515.xml
writeFile /home/ovsadmin/public_html/iTalyVotingDemo/xml/eml/EML440_1174270362515.xml
output lenth 2949


ballotXMLMap Size 22 ballotLookupXMLMap 21
eml440Folder in gen440 /home/ovsadmin/public_html/iTalyVotingDemo/xml/eml/
fileName EML440_1174403964906.xml
writeFile /home/ovsadmin/public_html/iTalyVotingDemo/xml/eml/EML440_1174403964906.xml
output lenth 2949


ballotXMLMap Size 22 ballotLookupXMLMap 21
eml440Folder in gen440 /home/ovsadmin/public_html/iTalyVotingDemo/xml/eml/
fileName EML440_1174269001980.xml
writeFile /home/ovsadmin/public_html/iTalyVotingDemo/xml/eml/EML440_1174269001980.xml
output lenth 2949


ballotXMLMap Size 22 ballotLookupXMLMap 21
eml440Folder in gen440 /home/ovsadmin/public_html/iTalyVotingDemo/xml/eml/
fileName EML440_1174269070886.xml
writeFile /home/ovsadmin/public_html/iTalyVotingDemo/xml/eml/EML440_1174269070886.xml
output lenth 2949


ballotXMLMap Size 22 ballotLookupXMLMap 21
eml440Folder in gen440 /home/ovsadmin/public_html/iTalyVotingDemo/xml/eml/
fileName EML440_1174269077215.xml
writeFile /home/ovsadmin/public_html/iTalyVotingDemo/xml/eml/EML440_1174269077215.xml
output lenth 2949


ballotXMLMap Size 22 ballotLookupXMLMap 21
eml440Folder in gen440 /home/ovsadmin/public_html/iTalyVotingDemo/xml/eml/
fileName EML440_1174270998715.xml
writeFile /home/ovsadmin/public_html/iTalyVotingDemo/xml/eml/EML440_1174270998715.xml
output lenth 2949


ballotXMLMap Size 22 ballotLookupXMLMap 21
eml440Folder in gen440 /home/ovsadmin/public_html/iTalyVotingDemo/xml/eml/
fileName EML440_1175883034560.xml
writeFile /home/ovsadmin/public_html/iTalyVotingDemo/xml/eml/EML440_1175883034560.xml
output lenth 2949


ballotXMLMap Size 22 ballotLookupXMLMap 21
eml440Folder in gen440 /home/ovsadmin/public_html/iTalyVotingDemo/xml/eml/
fileName EML440_1175482074113.xml
writeFile /home/ovsadmin/public_html/iTalyVotingDemo/xml/eml/EML440_1175482074113.xml
output lenth 2949


ballotXMLMap Size 22 ballotLookupXMLMap 21
eml440Folder in gen440 /home/ovsadmin/public_html/iTalyVotingDemo/xml/eml/
fileName EML440_1174270239625.xml
writeFile /home/ovsadmin/public_html/iTalyVotingDemo/xml/eml/EML440_1174270239625.xml
output lenth 2949


ballotXMLMap Size 22 ballotLookupXMLMap 21
eml440Folder in gen440 /home/ovsadmin/public_html/iTalyVotingDemo/xml/eml/
fileName EML440_1174353677828.xml
writeFile /home/ovsadmin/public_html/iTalyVotingDemo/xml/eml/EML440_1174353677828.xml
output lenth 2949


ballotXMLMap Size 22 ballotLookupXMLMap 21
eml440Folder in gen440 /home/ovsadmin/public_html/iTalyVotingDemo/xml/eml/
fileName EML440_1175480392869.xml
writeFile /home/ovsadmin/public_html/iTalyVotingDemo/xml/eml/EML440_1175480392869.xml
output lenth 2949


ballotXMLMap Size 22 ballotLookupXMLMap 21
eml440Folder in gen440 /home/ovsadmin/public_html/iTalyVotingDemo/xml/eml/
fileName EML440_1174407833460.xml
writeFile /home/ovsadmin/public_html/iTalyVotingDemo/xml/eml/EML440_1174407833460.xml
output lenth 2949


ballotXMLMap Size 22 ballotLookupXMLMap 21
eml440Folder in gen440 /home/ovsadmin/public_html/iTalyVotingDemo/xml/eml/
fileName EML440_1174359632734.xml
writeFile /home/ovsadmin/public_html/iTalyVotingDemo/xml/eml/EML440_1174359632734.xml
output lenth 2949


ballotXMLMap Size 22 ballotLookupXMLMap 21
eml440Folder in gen440 /home/ovsadmin/public_html/iTalyVotingDemo/xml/eml/
fileName EML440_1175882865883.xml
writeFile /home/ovsadmin/public_html/iTalyVotingDemo/xml/eml/EML440_1175882865883.xml
output lenth 2949


ballotXMLMap Size 22 ballotLookupXMLMap 21
eml440Folder in gen440 /home/ovsadmin/public_html/iTalyVotingDemo/xml/eml/
fileName EML440_1174269873980.xml
writeFile /home/ovsadmin/public_html/iTalyVotingDemo/xml/eml/EML440_1174269873980.xml
output lenth 2949
CountingType eml440To510
inside the eml440To510 if condition
Inside the generateEML510eml510CountingFolder in gen /home/ovsadmin/public_html/iTalyVotingDemo/xml/emlcounting/EML510_Counting.xml
writeFile /home/ovsadmin/public_html/iTalyVotingDemo/xml/emlcounting/EML510_Counting.xml
output lenth 1865
EML440 to EML510 has been converted successfully...!CountingType eml510To520
writeFile /home/ovsadmin/public_html/iTalyVotingDemo/xml/eml520result/EML520_Result.xml
output lenth 5735
CountingType done
